fuck yeah suck that dick and have a nice day
have a nice day
nice day right
hows the weather
are you gay?
lol your funny bio info 
tell the formula of sodium
tell me the formula of sodium
get me the formula of sodium
what is the formula of sodium
sodium formula
what is sodium
tell me of sodium
info on sodium
all info on sodium
full data on sodium
what is sodium
about sodium
what is the formula of alanine
what  is the chemical formula of alanine
what is the formula of alanine
tell me the formula of alanine
alanine formula
get me the formula of alanine
tell me the formula of alanine
what is the formula of alanine
what is bioinfo
what is the chemical formula
what is the chemical formula of alanine
give me the chemical formula alanine
get me the formula of alaine
please tell me the formula of alanine
tell me the chemical formula of alanine
what is the formula of alanine
please tell me the formula for alanine
get formula for alanine
get the formula for alanine
formula for alanine
get me the formula for cytosine
get me the formula for cytosine
get the formula for cytosine
get me the formula for cytosine
data formula
formula of cytosine
cytosine
formula for cytosine
get the formula of cytosine
get data cytosine formula
what can you do
user info
info
more info
basic info
information
user info
what can i ask
what do you know
work
test
example
skills
skills info
help
options
user help
admin info
admin
what can i do
how do i use
what can i say
questions
what can i ask you
chemical quadratic acid
chemical alanine
memory clear
clear
data clear
memory
clear screen
screen clear
data clear
wipe
screen clear
page clear
clear page
clear
clear ui
clear conversation
clear data
clear text
mesages clear
clear mesages
clear text
text clear
clear form
form reset
data reset
clear form
